
=====> VARIATIONAL MONTE-CARLO PROGRAM FOR PEPS <=====
System size (lx, ly):                   (4, 4)
PEPS bond dimension:                    1/4
BMPS bond dimension:                    4/8
BMPS Truncate Scheme:                   1
Sampling numbers:                       100
Monte Carlo sweep repeat times:         2
PEPS update times:                      10
PEPS update strategy:                   2
Conjugate gradient diagonal shift:      0.01
=====> TECHNICAL PARAMETERS <=====
The number of processors (including master):64
The number of threads per processor:    1
Proc 0    warm up completes T = 10.6041s.
Proc   63 warm up completes T = 10.5965s.
Proc   21 warm up completes T = 10.569s.
Proc   23 warm up completes T = 10.5451s.
Proc    6 warm up completes T = 10.6319s.
Proc   51 warm up completes T = 10.6384s.
Proc   20 warm up completes T = 10.6371s.
Proc   28 warm up completes T = 10.6409s.
Proc   14 warm up completes T = 10.6637s.
Proc   36 warm up completes T = 10.7029s.
Proc   39 warm up completes T = 10.656s.
Proc   37 warm up completes T = 10.6625s.
Proc    2 warm up completes T = 10.6566s.
Proc   52 warm up completes T = 10.6971s.
Proc    3 warm up completes T = 10.6034s.
Proc   61 warm up completes T = 10.6559s.
Proc   18 warm up completes T = 10.622s.
Proc   59 warm up completes T = 10.619s.
Proc   60 warm up completes T = 10.6996s.
Proc   19 warm up completes T = 10.6795s.
Proc    7 warm up completes T = 10.6287s.
Proc   25 warm up completes T = 10.6433s.
Proc    5 warm up completes T = 10.69s.
Proc   38 warm up completes T = 10.7135s.
Proc   54 warm up completes T = 10.6971s.
Proc   50 warm up completes T = 10.6787s.
Proc   49 warm up completes T = 10.7098s.
Proc   24 warm up completes T = 10.7691s.
Proc   46 warm up completes T = 10.6548s.
Proc   48 warm up completes T = 10.7212s.
Proc   57 warm up completes T = 10.7174s.
Proc   58 warm up completes T = 10.6797s.
Proc   35 warm up completes T = 10.6785s.
Proc   55 warm up completes T = 10.7503s.
Proc   53 warm up completes T = 10.7089s.
Proc    4 warm up completes T = 10.7112s.
Proc   62 warm up completes T = 10.7527s.
Proc   30 warm up completes T = 10.6817s.
Proc   17 warm up completes T = 10.6982s.
Proc   34 warm up completes T = 10.6855s.
Proc   26 warm up completes T = 10.7969s.
Proc   45 warm up completes T = 10.779s.
Proc   32 warm up completes T = 10.7144s.
Proc   56 warm up completes T = 10.7173s.
Proc   13 warm up completes T = 10.7822s.
Proc   33 warm up completes T = 10.7446s.
Proc    1 warm up completes T = 10.7707s.
Proc   22 warm up completes T = 10.7339s.
Proc   27 warm up completes T = 10.8022s.
Proc   15 warm up completes T = 10.8242s.
Proc   47 warm up completes T = 10.8739s.
Proc   11 warm up completes T = 10.8981s.
Proc   16 warm up completes T = 11.0325s.
Proc    8 warm up completes T = 11.0495s.
Proc   10 warm up completes T = 11.0577s.
Proc   44 warm up completes T = 11.2518s.
Proc    9 warm up completes T = 11.2394s.
Proc   42 warm up completes T = 11.2768s.
Proc   29 warm up completes T = 11.4336s.
Proc   43 warm up completes T = 11.5706s.
Proc   31 warm up completes T = 11.5014s.
Proc   12 warm up completes T = 11.7358s.
Proc   41 warm up completes T = 11.7522s.
Proc   40 warm up completes T = 12.2833s.
Iter 0   Alpha = 2.0e-01  E0 = -10.34273267  ± 7.93e-03  Grad norm = 8.0e-02  Accept rate = [0.12 ]SRSolver Iter = 23  NGrad norm = 3.5e+00  TPS UpdateT = 6.11  s TotT = 14.02   s
Iter 1   Alpha = 2.0e-01  E0 = -10.41220813  ± 2.33e-03  Grad norm = 5.1e-03  Accept rate = [0.15 ]SRSolver Iter = 30  NGrad norm = 4.3e-01  TPS UpdateT = 9.91  s TotT = 15.72   s
Iter 2   Alpha = 2.0e-01  E0 = -10.42019927  ± 2.80e-03  Grad norm = 3.3e-03  Accept rate = [0.14 ]SRSolver Iter = 28  NGrad norm = 2.7e-01  TPS UpdateT = 8.07  s TotT = 15.84   s
Iter 3   Alpha = 2.0e-01  E0 = -10.41775263  ± 2.50e-03  Grad norm = 1.5e-03  Accept rate = [0.14 ]SRSolver Iter = 28  NGrad norm = 2.3e-01  TPS UpdateT = 7.97  s TotT = 13.87   s
Iter 4   Alpha = 2.0e-01  E0 = -10.42162012  ± 2.43e-03  Grad norm = 2.2e-03  Accept rate = [0.15 ]SRSolver Iter = 28  NGrad norm = 2.4e-01  TPS UpdateT = 8.20  s TotT = 14.09   s
Iter 5   Alpha = 2.0e-01  E0 = -10.41965576  ± 2.67e-03  Grad norm = 7.0e-03  Accept rate = [0.14 ]SRSolver Iter = 26  NGrad norm = 2.4e-01  TPS UpdateT = 7.41  s TotT = 13.36   s
Iter 6   Alpha = 2.0e-01  E0 = -10.42183160  ± 2.36e-03  Grad norm = 1.4e-03  Accept rate = [0.15 ]SRSolver Iter = 28  NGrad norm = 1.8e-01  TPS UpdateT = 7.70  s TotT = 13.65   s
Iter 7   Alpha = 2.0e-01  E0 = -10.42404615  ± 2.76e-03  Grad norm = 2.3e-03  Accept rate = [0.17 ]SRSolver Iter = 28  NGrad norm = 1.6e-01  TPS UpdateT = 8.05  s TotT = 14.05   s
Iter 8   Alpha = 2.0e-01  E0 = -10.42231273  ± 2.66e-03  Grad norm = 1.9e-03  Accept rate = [0.15 ]SRSolver Iter = 28  NGrad norm = 1.6e-01  TPS UpdateT = 7.87  s TotT = 13.84   s
Iter 9   Alpha = 2.0e-01  E0 = -10.42712610  ± 2.14e-03  Grad norm = 2.1e-03  Accept rate = [0.15 ]SRSolver Iter = 27  NGrad norm = 1.2e-01  TPS UpdateT = 7.55  s TotT = 13.51   s
