
=====> VARIATIONAL MONTE-CARLO PROGRAM FOR PEPS <=====
System size (lx, ly):                   (4, 4)
PEPS bond dimension:                    1/8
BMPS bond dimension:                    8/16
BMPS Truncate Scheme:                   0
Sampling numbers:                       100
Monte Carlo sweep repeat times:         2
PEPS update times:                      100
PEPS update strategy:                   2
Conjugate gradient diagonal shift:      0.001
=====> TECHNICAL PARAMETERS <=====
The number of processors (including master):64
The number of threads per processor:    1
Proc   28 warm up completes T = 6.00445s.
Proc   30 warm up completes T = 6.01619s.
Proc   12 warm up completes T = 6.01108s.
Proc   21 warm up completes T = 6.02939s.
Proc   18 warm up completes T = 6.018s.
Proc   38 warm up completes T = 6.05362s.
Proc   11 warm up completes T = 6.04974s.
Proc    8 warm up completes T = 6.0351s.
Proc   27 warm up completes T = 6.01389s.
Proc   22 warm up completes T = 6.03807s.
Proc   39 warm up completes T = 6.03512s.
Proc   13 warm up completes T = 6.01126s.
Proc   26 warm up completes T = 6.04803s.
Proc   16 warm up completes T = 6.04754s.
Proc   19 warm up completes T = 6.04841s.
Proc   35 warm up completes T = 6.02935s.
Proc   15 warm up completes T = 6.02966s.
Proc   37 warm up completes T = 6.0448s.
Proc   10 warm up completes T = 6.05504s.
Proc    9 warm up completes T = 6.04479s.
Proc   36 warm up completes T = 6.03963s.
Proc   24 warm up completes T = 6.04607s.
Proc    6 warm up completes T = 6.0963s.
Proc   14 warm up completes T = 6.06462s.
Proc   33 warm up completes T = 6.05428s.
Proc   29 warm up completes T = 6.06184Proc   34 warm up completes T = 6.05926s.s.

Proc   40 warm up completes T = 6.10828s.
Proc   23 warm up completes T = 6.07652s.
Proc   17 warm up completes T = 6.06618s.
Proc 0    warm up completes T = 6.11641s.
Proc   46 warm up completes T = 6.12789s.
Proc   31 warm up completes T = 6.07884s.
Proc   32 warm up completes T = 6.07841s.
Proc    1 warm up completes T = 6.11898s.
Proc   50 warm up completes T = 6.14131s.
Proc   20 warm up completes T = 6.08812s.
Proc   25 warm up completes T = 6.10238s.
Proc   55 warm up completes T = 6.10443s.
Proc   57 warm up completes T = 6.13843s.
Proc   45 warm up completes T = 6.13168s.
Proc   41 warm up completes T = 6.15901s.
Proc    5 warm up completes T = 6.11779s.
Proc   52 warm up completes T = 6.1194s.
Proc   54 warm up completes T = 6.1286s.
Proc   56 warm up completes T = 6.15177s.
Proc   59 warm up completes T = 6.1419s.
Proc    7 warm up completes T = 6.15045s.
Proc   53 warm up completes T = 6.13179s.
Proc   63 warm up completes T = 6.13468s.
Proc   42 warm up completes T = 6.15984s.
Proc   60 warm up completes T = 6.14028s.
Proc   62 warm up completes T = 6.17193s.
Proc   44 warm up completes T = 6.13901s.
Proc   58 warm up completes T = 6.15521s.
Proc   47 warm up completes T = 6.14283s.
Proc   43 warm up completes T = 6.15139s.
Proc   49 warm up completes T = 6.15363s.
Proc    4 warm up completes T = 6.15361s.
Proc   48 warm up completes T = 6.15097s.
Proc    2 warm up completes T = 6.15541s.
Proc   61 warm up completes T = 6.18592s.
Proc    3 warm up completes T = 6.20379s.
Proc   51 warm up completes T = 6.17359s.
Iter 0   Alpha = 1.0e-01  E0 = -10.32450298  ± 8.84e-03  Grad norm = 9.4e-02  Accept rate = [0.12 ]SRSolver Iter = 49  NGrad norm = 1.0e+01  TPS UpdateT = 14.33 s TotT = 18.13   s
Iter 1   Alpha = 1.0e-01  E0 = -10.40471031  ± 3.75e-03  Grad norm = 2.9e-02  Accept rate = [0.13 ]SRSolver Iter = 56  NGrad norm = 2.2e+00  TPS UpdateT = 16.28 s TotT = 21.16   s
Iter 2   Alpha = 1.0e-01  E0 = -10.42096288  ± 2.31e-03  Grad norm = 1.1e-02  Accept rate = [0.15 ]SRSolver Iter = 54  NGrad norm = 7.0e-01  TPS UpdateT = 16.68 s TotT = 21.07   s
Iter 3   Alpha = 1.0e-01  E0 = -10.42490747  ± 1.68e-03  Grad norm = 5.2e-03  Accept rate = [0.14 ]SRSolver Iter = 52  NGrad norm = 3.9e-01  TPS UpdateT = 15.24 s TotT = 18.96   s
Iter 4   Alpha = 1.0e-01  E0 = -10.42713478  ± 1.41e-03  Grad norm = 3.2e-03  Accept rate = [0.14 ]SRSolver Iter = 51  NGrad norm = 3.5e-01  TPS UpdateT = 14.83 s TotT = 18.59   s
Iter 5   Alpha = 1.0e-01  E0 = -10.42713845  ± 3.03e-03  Grad norm = 4.9e-01  Accept rate = [0.14 ]SRSolver Iter = 20  NGrad norm = 2.9e-01  TPS UpdateT = 6.05  s TotT = 9.71    s
Iter 6   Alpha = 1.0e-01  E0 = -10.43175221  ± 1.27e-03  Grad norm = 2.4e-03  Accept rate = [0.15 ]SRSolver Iter = 55  NGrad norm = 2.9e-01  TPS UpdateT = 15.87 s TotT = 19.52   s
Iter 7   Alpha = 1.0e-01  E0 = -10.43227687  ± 1.28e-03  Grad norm = 2.9e-03  Accept rate = [0.15 ]SRSolver Iter = 61  NGrad norm = 2.7e-01  TPS UpdateT = 18.13 s TotT = 21.82   s
Iter 8   Alpha = 1.0e-01  E0 = -10.43268015  ± 8.83e-04  Grad norm = 2.3e-03  Accept rate = [0.15 ]SRSolver Iter = 54  NGrad norm = 2.0e-01  TPS UpdateT = 15.37 s TotT = 19.09   s
Iter 9   Alpha = 1.0e-01  E0 = -10.43357833  ± 1.12e-03  Grad norm = 2.3e-03  Accept rate = [0.15 ]SRSolver Iter = 50  NGrad norm = 2.8e-01  TPS UpdateT = 14.59 s TotT = 18.49   s
Iter 10  Alpha = 1.0e-01  E0 = -10.43327507  ± 1.31e-03  Grad norm = 3.2e-03  Accept rate = [0.15 ]SRSolver Iter = 54  NGrad norm = 2.0e-01  TPS UpdateT = 15.60 s TotT = 19.24   s
Iter 11  Alpha = 1.0e-01  E0 = -10.43729012  ± 1.32e-03  Grad norm = 2.7e-03  Accept rate = [0.17 ]SRSolver Iter = 58  NGrad norm = 3.8e-01  TPS UpdateT = 17.03 s TotT = 20.82   s
Iter 12  Alpha = 1.0e-01  E0 = -10.43527104  ± 1.03e-03  Grad norm = 2.3e-03  Accept rate = [0.14 ]SRSolver Iter = 58  NGrad norm = 3.4e-01  TPS UpdateT = 16.82 s TotT = 20.50   s
Iter 13  Alpha = 1.0e-01  E0 = -10.43724765  ± 1.06e-03  Grad norm = 2.4e-03  Accept rate = [0.15 ]SRSolver Iter = 58  NGrad norm = 4.8e-01  TPS UpdateT = 16.58 s TotT = 20.29   s
Iter 14  Alpha = 1.0e-01  E0 = -10.43577677  ± 1.24e-03  Grad norm = 2.4e-03  Accept rate = [0.16 ]SRSolver Iter = 62  NGrad norm = 3.1e-01  TPS UpdateT = 18.28 s TotT = 21.93   s
Iter 15  Alpha = 1.0e-01  E0 = -10.43983634  ± 1.17e-03  Grad norm = 2.4e-03  Accept rate = [0.14 ]SRSolver Iter = 58  NGrad norm = 3.6e-01  TPS UpdateT = 16.87 s TotT = 20.51   s
Iter 16  Alpha = 1.0e-01  E0 = -10.43743701  ± 1.06e-03  Grad norm = 2.7e-03  Accept rate = [0.16 ]SRSolver Iter = 58  NGrad norm = 3.3e-01  TPS UpdateT = 16.77 s TotT = 20.34   s
Iter 17  Alpha = 1.0e-01  E0 = -10.43866372  ± 1.63e-03  Grad norm = 8.0e-03  Accept rate = [0.14 ]SRSolver Iter = 50  NGrad norm = 4.9e-01  TPS UpdateT = 14.61 s TotT = 18.27   s
Iter 18  Alpha = 1.0e-01  E0 = -10.43919401  ± 1.20e-03  Grad norm = 2.5e-03  Accept rate = [0.14 ]SRSolver Iter = 57  NGrad norm = 4.1e-01  TPS UpdateT = 16.76 s TotT = 20.47   s
Iter 19  Alpha = 1.0e-01  E0 = -10.44190306  ± 1.22e-03  Grad norm = 2.7e-03  Accept rate = [0.15 ]SRSolver Iter = 60  NGrad norm = 3.7e-01  TPS UpdateT = 17.86 s TotT = 21.50   s
Iter 20  Alpha = 1.0e-01  E0 = -10.44136794  ± 1.30e-03  Grad norm = 3.0e-03  Accept rate = [0.16 ]SRSolver Iter = 60  NGrad norm = 4.0e-01  TPS UpdateT = 17.38 s TotT = 21.07   s
Iter 21  Alpha = 1.0e-01  E0 = -10.44381715  ± 1.37e-03  Grad norm = 3.4e-03  Accept rate = [0.16 ]SRSolver Iter = 61  NGrad norm = 4.0e-01  TPS UpdateT = 17.97 s TotT = 21.69   s
Iter 22  Alpha = 1.0e-01  E0 = -10.44408824  ± 1.35e-03  Grad norm = 2.8e-03  Accept rate = [0.14 ]SRSolver Iter = 58  NGrad norm = 2.9e-01  TPS UpdateT = 16.71 s TotT = 20.39   s
Iter 23  Alpha = 1.0e-01  E0 = -10.44518157  ± 1.74e-03  Grad norm = 1.4e-02  Accept rate = [0.16 ]SRSolver Iter = 50  NGrad norm = 4.2e-01  TPS UpdateT = 14.31 s TotT = 17.94   s
Iter 24  Alpha = 1.0e-01  E0 = -10.44416202  ± 1.37e-03  Grad norm = 4.8e-03  Accept rate = [0.14 ]SRSolver Iter = 61  NGrad norm = 4.3e-01  TPS UpdateT = 17.76 s TotT = 21.80   s
Iter 25  Alpha = 1.0e-01  E0 = -10.44480006  ± 1.54e-03  Grad norm = 2.8e-03  Accept rate = [0.16 ]SRSolver Iter = 60  NGrad norm = 4.3e-01  TPS UpdateT = 17.73 s TotT = 21.37   s
Iter 26  Alpha = 1.0e-01  E0 = -10.44664295  ± 1.59e-03  Grad norm = 4.7e-03  Accept rate = [0.16 ]SRSolver Iter = 57  NGrad norm = 4.4e-01  TPS UpdateT = 16.37 s TotT = 20.42   s
Iter 27  Alpha = 1.0e-01  E0 = -10.44814697  ± 1.28e-03  Grad norm = 3.2e-03  Accept rate = [0.14 ]SRSolver Iter = 64  NGrad norm = 5.4e-01  TPS UpdateT = 18.51 s TotT = 22.14   s
Iter 28  Alpha = 1.0e-01  E0 = -10.44893815  ± 1.61e-03  Grad norm = 3.7e-03  Accept rate = [0.15 ]SRSolver Iter = 60  NGrad norm = 4.4e-01  TPS UpdateT = 17.57 s TotT = 21.24   s
Iter 29  Alpha = 1.0e-01  E0 = -10.44966980  ± 1.62e-03  Grad norm = 3.9e-03  Accept rate = [0.14 ]SRSolver Iter = 60  NGrad norm = 5.0e-01  TPS UpdateT = 17.54 s TotT = 21.29   s
Iter 30  Alpha = 1.0e-01  E0 = -10.45112618  ± 1.28e-03  Grad norm = 3.5e-03  Accept rate = [0.15 ]SRSolver Iter = 58  NGrad norm = 5.3e-01  TPS UpdateT = 16.85 s TotT = 20.49   s
Iter 31  Alpha = 1.0e-01  E0 = -10.45254636  ± 1.43e-03  Grad norm = 4.3e-03  Accept rate = [0.16 ]SRSolver Iter = 59  NGrad norm = 4.7e-01  TPS UpdateT = 16.83 s TotT = 20.37   s
Iter 32  Alpha = 1.0e-01  E0 = -10.45462507  ± 1.43e-03  Grad norm = 4.6e-03  Accept rate = [0.14 ]SRSolver Iter = 58  NGrad norm = 4.1e-01  TPS UpdateT = 16.89 s TotT = 20.56   s
Iter 33  Alpha = 1.0e-01  E0 = -10.45586040  ± 1.78e-03  Grad norm = 8.2e-03  Accept rate = [0.17 ]SRSolver Iter = 56  NGrad norm = 5.4e-01  TPS UpdateT = 16.33 s TotT = 19.95   s
Iter 34  Alpha = 1.0e-01  E0 = -10.45638911  ± 1.41e-03  Grad norm = 4.6e-03  Accept rate = [0.15 ]SRSolver Iter = 63  NGrad norm = 5.1e-01  TPS UpdateT = 18.34 s TotT = 22.00   s
Iter 35  Alpha = 1.0e-01  E0 = -10.45707916  ± 1.62e-03  Grad norm = 4.7e-03  Accept rate = [0.15 ]SRSolver Iter = 62  NGrad norm = 4.1e-01  TPS UpdateT = 17.80 s TotT = 21.44   s
Iter 36  Alpha = 1.0e-01  E0 = -10.45766572  ± 1.45e-03  Grad norm = 4.3e-03  Accept rate = [0.16 ]SRSolver Iter = 56  NGrad norm = 3.9e-01  TPS UpdateT = 16.12 s TotT = 19.78   s
Iter 37  Alpha = 1.0e-01  E0 = -10.45700424  ± 1.49e-03  Grad norm = 5.2e-03  Accept rate = [0.17 ]SRSolver Iter = 61  NGrad norm = 4.8e-01  TPS UpdateT = 17.91 s TotT = 21.57   s
Iter 38  Alpha = 1.0e-01  E0 = -10.45812843  ± 1.42e-03  Grad norm = 4.4e-03  Accept rate = [0.15 ]SRSolver Iter = 61  NGrad norm = 3.4e-01  TPS UpdateT = 17.49 s TotT = 21.14   s
Iter 39  Alpha = 1.0e-01  E0 = -10.46128605  ± 1.46e-03  Grad norm = 5.9e-03  Accept rate = [0.15 ]SRSolver Iter = 58  NGrad norm = 4.4e-01  TPS UpdateT = 16.56 s TotT = 20.20   s
Iter 40  Alpha = 1.0e-01  E0 = -10.46124854  ± 1.45e-03  Grad norm = 5.2e-03  Accept rate = [0.17 ]SRSolver Iter = 61  NGrad norm = 4.0e-01  TPS UpdateT = 17.87 s TotT = 21.54   s
Iter 41  Alpha = 1.0e-01  E0 = -10.46543464  ± 1.56e-03  Grad norm = 5.1e-03  Accept rate = [0.15 ]SRSolver Iter = 57  NGrad norm = 3.8e-01  TPS UpdateT = 16.61 s TotT = 20.29   s
Iter 42  Alpha = 1.0e-01  E0 = -10.46425953  ± 1.58e-03  Grad norm = 5.3e-03  Accept rate = [0.16 ]SRSolver Iter = 59  NGrad norm = 4.0e-01  TPS UpdateT = 16.88 s TotT = 20.54   s
Iter 43  Alpha = 1.0e-01  E0 = -10.46203881  ± 1.76e-03  Grad norm = 9.1e-03  Accept rate = [0.14 ]SRSolver Iter = 56  NGrad norm = 3.6e-01  TPS UpdateT = 16.29 s TotT = 19.92   s
Iter 44  Alpha = 1.0e-01  E0 = -10.46672044  ± 1.44e-03  Grad norm = 6.2e-03  Accept rate = [0.16 ]SRSolver Iter = 56  NGrad norm = 3.8e-01  TPS UpdateT = 16.31 s TotT = 19.97   s
Iter 45  Alpha = 1.0e-01  E0 = -10.46649205  ± 1.33e-03  Grad norm = 6.2e-03  Accept rate = [0.14 ]SRSolver Iter = 56  NGrad norm = 4.8e-01  TPS UpdateT = 16.11 s TotT = 19.75   s
Iter 46  Alpha = 1.0e-01  E0 = -10.46916263  ± 1.45e-03  Grad norm = 6.5e-03  Accept rate = [0.16 ]SRSolver Iter = 61  NGrad norm = 5.1e-01  TPS UpdateT = 17.75 s TotT = 21.37   s
Iter 47  Alpha = 1.0e-01  E0 = -10.47227079  ± 1.50e-03  Grad norm = 5.6e-03  Accept rate = [0.16 ]SRSolver Iter = 58  NGrad norm = 4.1e-01  TPS UpdateT = 16.71 s TotT = 20.43   s
Iter 48  Alpha = 1.0e-01  E0 = -10.46950827  ± 1.41e-03  Grad norm = 5.3e-03  Accept rate = [0.13 ]SRSolver Iter = 60  NGrad norm = 4.0e-01  TPS UpdateT = 17.74 s TotT = 21.47   s
Iter 49  Alpha = 1.0e-01  E0 = -10.47282674  ± 1.67e-03  Grad norm = 5.6e-03  Accept rate = [0.15 ]SRSolver Iter = 61  NGrad norm = 3.7e-01  TPS UpdateT = 17.56 s TotT = 21.15   s
Iter 50  Alpha = 1.0e-01  E0 = -10.47358483  ± 1.76e-03  Grad norm = 5.3e-03  Accept rate = [0.15 ]SRSolver Iter = 60  NGrad norm = 3.9e-01  TPS UpdateT = 17.59 s TotT = 21.25   s
Iter 51  Alpha = 1.0e-01  E0 = -10.47339190  ± 1.58e-03  Grad norm = 5.6e-03  Accept rate = [0.16 ]SRSolver Iter = 60  NGrad norm = 3.7e-01  TPS UpdateT = 17.69 s TotT = 21.48   s
Iter 52  Alpha = 1.0e-01  E0 = -10.47268003  ± 1.86e-03  Grad norm = 6.7e-03  Accept rate = [0.15 ]SRSolver Iter = 57  NGrad norm = 5.0e-01  TPS UpdateT = 16.27 s TotT = 20.11   s
Iter 53  Alpha = 1.0e-01  E0 = -10.47674606  ± 1.69e-03  Grad norm = 6.5e-03  Accept rate = [0.15 ]SRSolver Iter = 59  NGrad norm = 4.1e-01  TPS UpdateT = 17.00 s TotT = 20.68   s
Iter 54  Alpha = 1.0e-01  E0 = -10.48028751  ± 1.61e-03  Grad norm = 6.4e-03  Accept rate = [0.15 ]SRSolver Iter = 60  NGrad norm = 4.6e-01  TPS UpdateT = 17.40 s TotT = 21.06   s
Iter 55  Alpha = 1.0e-01  E0 = -10.48032944  ± 1.72e-03  Grad norm = 6.1e-03  Accept rate = [0.16 ]SRSolver Iter = 59  NGrad norm = 4.4e-01  TPS UpdateT = 16.98 s TotT = 20.65   s
Iter 56  Alpha = 1.0e-01  E0 = -10.48220874  ± 1.62e-03  Grad norm = 6.9e-03  Accept rate = [0.16 ]SRSolver Iter = 60  NGrad norm = 4.0e-01  TPS UpdateT = 17.63 s TotT = 21.31   s
Iter 57  Alpha = 1.0e-01  E0 = -10.48131254  ± 1.51e-03  Grad norm = 5.9e-03  Accept rate = [0.16 ]SRSolver Iter = 61  NGrad norm = 3.7e-01  TPS UpdateT = 17.61 s TotT = 21.29   s
Iter 58  Alpha = 1.0e-01  E0 = -10.47976352  ± 1.60e-03  Grad norm = 8.8e-03  Accept rate = [0.16 ]SRSolver Iter = 60  NGrad norm = 3.5e-01  TPS UpdateT = 17.57 s TotT = 21.21   s
Iter 59  Alpha = 1.0e-01  E0 = -10.48450733  ± 1.58e-03  Grad norm = 7.3e-03  Accept rate = [0.16 ]SRSolver Iter = 59  NGrad norm = 4.6e-01  TPS UpdateT = 17.32 s TotT = 20.98   s
Iter 60  Alpha = 1.0e-01  E0 = -10.48478546  ± 1.64e-03  Grad norm = 8.1e-03  Accept rate = [0.15 ]SRSolver Iter = 57  NGrad norm = 3.5e-01  TPS UpdateT = 16.56 s TotT = 20.22   s
Iter 61  Alpha = 1.0e-01  E0 = -10.48845378  ± 1.83e-03  Grad norm = 1.5e-02  Accept rate = [0.15 ]SRSolver Iter = 56  NGrad norm = 4.7e-01  TPS UpdateT = 16.25 s TotT = 19.93   s
Iter 62  Alpha = 1.0e-01  E0 = -10.48791443  ± 1.46e-03  Grad norm = 5.8e-03  Accept rate = [0.17 ]SRSolver Iter = 61  NGrad norm = 3.8e-01  TPS UpdateT = 17.90 s TotT = 21.60   s
Iter 63  Alpha = 1.0e-01  E0 = -10.49244833  ± 1.60e-03  Grad norm = 7.3e-03  Accept rate = [0.16 ]SRSolver Iter = 58  NGrad norm = 4.0e-01  TPS UpdateT = 16.40 s TotT = 20.04   s
Iter 64  Alpha = 1.0e-01  E0 = -10.48955087  ± 1.81e-03  Grad norm = 8.5e-03  Accept rate = [0.15 ]SRSolver Iter = 59  NGrad norm = 4.5e-01  TPS UpdateT = 17.18 s TotT = 20.86   s
Iter 65  Alpha = 1.0e-01  E0 = -10.49408651  ± 2.03e-03  Grad norm = 7.6e-03  Accept rate = [0.16 ]SRSolver Iter = 60  NGrad norm = 4.2e-01  TPS UpdateT = 17.66 s TotT = 21.32   s
Iter 66  Alpha = 1.0e-01  E0 = -10.49396653  ± 1.68e-03  Grad norm = 9.6e-03  Accept rate = [0.16 ]SRSolver Iter = 59  NGrad norm = 3.7e-01  TPS UpdateT = 16.88 s TotT = 20.69   s
Iter 67  Alpha = 1.0e-01  E0 = -10.49670397  ± 1.88e-03  Grad norm = 6.9e-03  Accept rate = [0.15 ]SRSolver Iter = 59  NGrad norm = 5.7e-01  TPS UpdateT = 16.76 s TotT = 20.28   s
Iter 68  Alpha = 1.0e-01  E0 = -10.49880429  ± 1.51e-03  Grad norm = 7.0e-03  Accept rate = [0.15 ]SRSolver Iter = 61  NGrad norm = 3.5e-01  TPS UpdateT = 17.71 s TotT = 21.39   s
Iter 69  Alpha = 1.0e-01  E0 = -10.49969638  ± 1.63e-03  Grad norm = 6.8e-03  Accept rate = [0.15 ]SRSolver Iter = 55  NGrad norm = 4.1e-01  TPS UpdateT = 15.87 s TotT = 19.62   s
Iter 70  Alpha = 1.0e-01  E0 = -10.49894657  ± 1.73e-03  Grad norm = 7.6e-03  Accept rate = [0.15 ]SRSolver Iter = 63  NGrad norm = 3.7e-01  TPS UpdateT = 18.23 s TotT = 21.91   s
Iter 71  Alpha = 1.0e-01  E0 = -10.50539561  ± 1.61e-03  Grad norm = 6.7e-03  Accept rate = [0.15 ]SRSolver Iter = 58  NGrad norm = 4.0e-01  TPS UpdateT = 16.68 s TotT = 20.34   s
Iter 72  Alpha = 1.0e-01  E0 = -10.50131014  ± 2.02e-03  Grad norm = 1.5e-02  Accept rate = [0.15 ]SRSolver Iter = 55  NGrad norm = 3.9e-01  TPS UpdateT = 15.70 s TotT = 19.38   s
Iter 73  Alpha = 1.0e-01  E0 = -10.50240805  ± 2.02e-03  Grad norm = 7.5e-03  Accept rate = [0.15 ]SRSolver Iter = 60  NGrad norm = 3.9e-01  TPS UpdateT = 17.59 s TotT = 21.26   s
Iter 74  Alpha = 1.0e-01  E0 = -10.50424079  ± 1.67e-03  Grad norm = 7.0e-03  Accept rate = [0.14 ]SRSolver Iter = 57  NGrad norm = 3.7e-01  TPS UpdateT = 16.42 s TotT = 20.17   s
Iter 75  Alpha = 1.0e-01  E0 = -10.50514406  ± 1.40e-03  Grad norm = 6.5e-03  Accept rate = [0.14 ]SRSolver Iter = 61  NGrad norm = 3.7e-01  TPS UpdateT = 17.82 s TotT = 21.50   s
Iter 76  Alpha = 1.0e-01  E0 = -10.50714728  ± 1.67e-03  Grad norm = 6.9e-03  Accept rate = [0.15 ]SRSolver Iter = 55  NGrad norm = 4.2e-01  TPS UpdateT = 15.90 s TotT = 19.61   s
Iter 77  Alpha = 1.0e-01  E0 = -10.50853424  ± 1.62e-03  Grad norm = 6.8e-03  Accept rate = [0.15 ]SRSolver Iter = 60  NGrad norm = 3.4e-01  TPS UpdateT = 17.90 s TotT = 21.57   s
Iter 78  Alpha = 1.0e-01  E0 = -10.50791744  ± 1.68e-03  Grad norm = 6.8e-03  Accept rate = [0.15 ]SRSolver Iter = 57  NGrad norm = 3.3e-01  TPS UpdateT = 16.51 s TotT = 20.30   s
Iter 79  Alpha = 1.0e-01  E0 = -10.51161943  ± 1.83e-03  Grad norm = 8.5e-03  Accept rate = [0.16 ]SRSolver Iter = 63  NGrad norm = 3.9e-01  TPS UpdateT = 18.54 s TotT = 22.51   s
Iter 80  Alpha = 1.0e-01  E0 = -10.51336162  ± 1.47e-03  Grad norm = 6.6e-03  Accept rate = [0.16 ]SRSolver Iter = 57  NGrad norm = 3.4e-01  TPS UpdateT = 16.57 s TotT = 20.29   s
Iter 81  Alpha = 1.0e-01  E0 = -10.51481216  ± 1.67e-03  Grad norm = 7.9e-03  Accept rate = [0.16 ]SRSolver Iter = 59  NGrad norm = 3.9e-01  TPS UpdateT = 16.88 s TotT = 20.59   s
Iter 82  Alpha = 1.0e-01  E0 = -10.51690128  ± 1.74e-03  Grad norm = 7.3e-03  Accept rate = [0.17 ]SRSolver Iter = 59  NGrad norm = 2.7e-01  TPS UpdateT = 16.98 s TotT = 20.74   s
Iter 83  Alpha = 1.0e-01  E0 = -10.51942277  ± 2.21e-03  Grad norm = 2.5e-01  Accept rate = [0.16 ]SRSolver Iter = 35  NGrad norm = 2.8e-01  TPS UpdateT = 10.24 s TotT = 13.95   s
Iter 84  Alpha = 1.0e-01  E0 = -10.52124582  ± 1.55e-03  Grad norm = 6.2e-03  Accept rate = [0.15 ]SRSolver Iter = 58  NGrad norm = 3.0e-01  TPS UpdateT = 16.60 s TotT = 20.42   s
Iter 85  Alpha = 1.0e-01  E0 = -10.52186837  ± 1.42e-03  Grad norm = 7.2e-03  Accept rate = [0.16 ]SRSolver Iter = 58  NGrad norm = 3.0e-01  TPS UpdateT = 16.62 s TotT = 20.38   s
Iter 86  Alpha = 1.0e-01  E0 = -10.52367076  ± 1.45e-03  Grad norm = 6.3e-03  Accept rate = [0.17 ]SRSolver Iter = 58  NGrad norm = 3.3e-01  TPS UpdateT = 16.70 s TotT = 20.44   s
Iter 87  Alpha = 1.0e-01  E0 = -10.52676848  ± 1.63e-03  Grad norm = 5.5e-03  Accept rate = [0.16 ]SRSolver Iter = 59  NGrad norm = 2.7e-01  TPS UpdateT = 17.16 s TotT = 21.07   s
Iter 88  Alpha = 1.0e-01  E0 = -10.52463771  ± 1.54e-03  Grad norm = 5.6e-03  Accept rate = [0.16 ]SRSolver Iter = 59  NGrad norm = 2.7e-01  TPS UpdateT = 17.42 s TotT = 21.13   s
Iter 89  Alpha = 1.0e-01  E0 = -10.52478516  ± 1.52e-03  Grad norm = 5.7e-03  Accept rate = [0.15 ]SRSolver Iter = 59  NGrad norm = 2.9e-01  TPS UpdateT = 17.02 s TotT = 20.67   s
Iter 90  Alpha = 1.0e-01  E0 = -10.52840496  ± 1.64e-03  Grad norm = 8.3e-03  Accept rate = [0.15 ]SRSolver Iter = 59  NGrad norm = 3.4e-01  TPS UpdateT = 17.01 s TotT = 20.71   s
Iter 91  Alpha = 1.0e-01  E0 = -10.52980048  ± 1.40e-03  Grad norm = 5.7e-03  Accept rate = [0.15 ]SRSolver Iter = 61  NGrad norm = 2.3e-01  TPS UpdateT = 17.53 s TotT = 21.38   s
Iter 92  Alpha = 1.0e-01  E0 = -10.52697654  ± 1.45e-03  Grad norm = 6.1e-03  Accept rate = [0.15 ]SRSolver Iter = 59  NGrad norm = 2.6e-01  TPS UpdateT = 17.02 s TotT = 20.74   s
Iter 93  Alpha = 1.0e-01  E0 = -10.53290654  ± 1.47e-03  Grad norm = 5.4e-03  Accept rate = [0.18 ]SRSolver Iter = 58  NGrad norm = 2.9e-01  TPS UpdateT = 16.76 s TotT = 20.51   s
Iter 94  Alpha = 1.0e-01  E0 = -10.53380985  ± 1.43e-03  Grad norm = 6.6e-03  Accept rate = [0.16 ]SRSolver Iter = 64  NGrad norm = 2.2e-01  TPS UpdateT = 18.54 s TotT = 22.26   s
Iter 95  Alpha = 1.0e-01  E0 = -10.53354931  ± 1.44e-03  Grad norm = 6.6e-03  Accept rate = [0.15 ]SRSolver Iter = 61  NGrad norm = 2.6e-01  TPS UpdateT = 17.99 s TotT = 21.72   s
Iter 96  Alpha = 1.0e-01  E0 = -10.53671773  ± 1.25e-03  Grad norm = 6.9e-03  Accept rate = [0.15 ]SRSolver Iter = 59  NGrad norm = 2.1e-01  TPS UpdateT = 16.88 s TotT = 20.66   s
Iter 97  Alpha = 1.0e-01  E0 = -10.53610084  ± 1.32e-03  Grad norm = 5.1e-03  Accept rate = [0.15 ]SRSolver Iter = 59  NGrad norm = 2.2e-01  TPS UpdateT = 17.04 s TotT = 20.99   s
Iter 98  Alpha = 1.0e-01  E0 = -10.54041764  ± 1.28e-03  Grad norm = 5.8e-03  Accept rate = [0.16 ]SRSolver Iter = 59  NGrad norm = 2.0e-01  TPS UpdateT = 17.20 s TotT = 21.03   s
Iter 99  Alpha = 1.0e-01  E0 = -10.54166544  ± 1.58e-03  Grad norm = 5.0e-03  Accept rate = [0.17 ]SRSolver Iter = 59  NGrad norm = 2.0e-01  TPS UpdateT = 17.03 s TotT = 20.74   s
