
=====> VARIATIONAL MONTE-CARLO PROGRAM FOR PEPS <=====
System size (lx, ly):                   (4, 4)
PEPS bond dimension:                    1/8
BMPS bond dimension:                    8/16
BMPS Truncate Scheme:                   0
Sampling numbers:                       100
Monte Carlo sweep repeat times:         2
PEPS update times:                      100
PEPS update strategy:                   2
Conjugate gradient diagonal shift:      0.001
=====> TECHNICAL PARAMETERS <=====
The number of processors (including master):64
The number of threads per processor:    1
Proc   13 warm up completes T = 6.01415s.
Proc   30 warm up completes T = 6.03402s.
Proc   45 warm up completes T = 6.04884s.
Proc   23 warm up completes T = 6.03951s.
Proc   16 warm up completes T = 6.03845s.
Proc   20 warm up completes T = 6.03906s.
Proc   15 warm up completes T = 6.01799s.
Proc   28 warm up completes T = 6.00857s.
Proc   39 warm up completes T = 6.00767s.
Proc   21 warm up completes T = 6.03593s.
Proc   32 warm up completes T = 6.00818s.
Proc   38 warm up completes T = 6.04783s.
Proc   34 warm up completes T = 6.01826s.
Proc 0    warm up completes T = 6.04975s.
Proc   14 warm up completes T = 6.02252s.
Proc   11 warm up completes T = 6.02815s.
Proc   26 warm up completes T = 6.05441s.
Proc   33 warm up completes T = 6.03308s.
Proc Proc   18 warm up completes T = 6.02142s.  19 warm up completes T = 6.02884s.

Proc   36 warm up completes T = 6.04487s.
Proc   22 warm up completes T = 6.02715s.
Proc   17 warm up completes T = 6.04787s.
Proc   37 warm up completes T = 6.0879s.
Proc   41 warm up completes T = 6.10102s.
Proc   12 warm up completes T = 6.0596s.
Proc   35 warm up completes T = 6.06238s.
Proc   44 warm up completes T = 6.07666s.
Proc   29 warm up completes T = 6.06262s.
Proc   56 warm up completes T = 6.08743s.
Proc   46 warm up completes T = 6.06949s.
Proc   59 warm up completes T = 6.07527s.
Proc   58 warm up completes T = 6.09377s.
Proc   43 warm up completes T = 6.10214s.
Proc   53 warm up completes T = 6.10317s.
Proc   57 warm up completes T = 6.10734s.
Proc   51 warm up completes T = 6.11834s.
Proc   31 warm up completes T = 6.08805s.
Proc   54 warm up completes T = 6.12149s.
Proc    4 warm up completes T = 6.10109s.
Proc   27 warm up completes T = 6.12538s.
Proc   55 warm up completes T = 6.11581s.
Proc   42 warm up completes T = 6.10203s.
Proc    1 warm up completes T = 6.14153s.
Proc    5 warm up completes T = 6.15939s.
Proc   60 warm up completes T = 6.10738s.
Proc   62 warm up completes T = 6.10416s.
Proc   63 warm up completes T = 6.10747s.
Proc   10 warm up completes T = 6.11574s.
Proc    9 warm up completes T = 6.1403s.
Proc   61 warm up completes T = 6.11416s.
Proc    8 warm up completes T = 6.1182s.
Proc    7 warm up completes T = 6.1343s.
Proc   52 warm up completes T = 6.16046s.
Proc   40 warm up completes T = 6.19764s.
Proc   47 warm up completes T = 6.15615s.
Proc    3 warm up completes T = 6.16344s.
Proc   24 warm up completes T = 6.16914s.
Proc   25 warm up completes T = 6.20665s.
Proc    6 warm up completes T = 6.1771s.
Proc   48 warm up completes T = 6.19639s.
Proc   49 warm up completes T = 6.24006s.
Proc    2 warm up completes T = 6.28525s.
Proc   50 warm up completes T = 6.36921s.
Iter 0   Alpha = 1.0e-01  E0 = -8.13491443   ± 4.86e-03  Grad norm = 4.7e-02  Accept rate = [0.25 ]SRSolver Iter = 29  NGrad norm = 2.0e+00  TPS UpdateT = 8.19  s TotT = 12.15   s
Iter 1   Alpha = 1.0e-01  E0 = -8.15810203   ± 2.71e-03  Grad norm = 1.9e-02  Accept rate = [0.25 ]SRSolver Iter = 29  NGrad norm = 4.8e-01  TPS UpdateT = 8.80  s TotT = 12.79   s
Iter 2   Alpha = 1.0e-01  E0 = -8.16575973   ± 1.75e-03  Grad norm = 8.7e-03  Accept rate = [0.26 ]SRSolver Iter = 33  NGrad norm = 1.3e-01  TPS UpdateT = 10.15 s TotT = 14.06   s
Iter 3   Alpha = 1.0e-01  E0 = -8.16861660   ± 9.27e-04  Grad norm = 3.5e-03  Accept rate = [0.25 ]SRSolver Iter = 32  NGrad norm = 3.9e-02  TPS UpdateT = 9.31  s TotT = 13.44   s
Iter 4   Alpha = 1.0e-01  E0 = -8.17007099   ± 7.35e-04  Grad norm = 2.2e-03  Accept rate = [0.25 ]SRSolver Iter = 29  NGrad norm = 3.0e-02  TPS UpdateT = 8.45  s TotT = 12.15   s
Iter 5   Alpha = 1.0e-01  E0 = -8.17119342   ± 5.12e-04  Grad norm = 1.2e-03  Accept rate = [0.26 ]SRSolver Iter = 30  NGrad norm = 1.4e-02  TPS UpdateT = 8.76  s TotT = 12.70   s
Iter 6   Alpha = 1.0e-01  E0 = -8.17177522   ± 4.11e-04  Grad norm = 7.4e-04  Accept rate = [0.25 ]SRSolver Iter = 27  NGrad norm = 9.9e-03  TPS UpdateT = 7.93  s TotT = 11.58   s
Iter 7   Alpha = 1.0e-01  E0 = -8.17160794   ± 3.00e-04  Grad norm = 4.7e-04  Accept rate = [0.25 ]SRSolver Iter = 29  NGrad norm = 9.0e-03  TPS UpdateT = 8.39  s TotT = 12.03   s
Iter 8   Alpha = 1.0e-01  E0 = -8.17159017   ± 2.79e-04  Grad norm = 3.5e-04  Accept rate = [0.25 ]SRSolver Iter = 31  NGrad norm = 5.4e-03  TPS UpdateT = 9.03  s TotT = 12.69   s
Iter 9   Alpha = 1.0e-01  E0 = -8.17154771   ± 2.48e-04  Grad norm = 2.7e-04  Accept rate = [0.25 ]SRSolver Iter = 29  NGrad norm = 6.6e-03  TPS UpdateT = 8.63  s TotT = 12.27   s
Iter 10  Alpha = 1.0e-01  E0 = -8.17140068   ± 2.36e-04  Grad norm = 1.7e-04  Accept rate = [0.25 ]SRSolver Iter = 35  NGrad norm = 3.8e-03  TPS UpdateT = 9.92  s TotT = 13.62   s
Iter 11  Alpha = 1.0e-01  E0 = -8.17178622   ± 1.41e-04  Grad norm = 1.0e-04  Accept rate = [0.25 ]SRSolver Iter = 31  NGrad norm = 3.1e-03  TPS UpdateT = 8.76  s TotT = 12.82   s
Iter 12  Alpha = 1.0e-01  E0 = -8.17166289   ± 1.76e-04  Grad norm = 9.5e-05  Accept rate = [0.24 ]SRSolver Iter = 28  NGrad norm = 3.2e-03  TPS UpdateT = 8.27  s TotT = 12.69   s
Iter 13  Alpha = 1.0e-01  E0 = -8.17177878   ± 1.52e-04  Grad norm = 6.4e-05  Accept rate = [0.25 ]SRSolver Iter = 32  NGrad norm = 2.7e-03  TPS UpdateT = 9.41  s TotT = 13.84   s
Iter 14  Alpha = 1.0e-01  E0 = -8.17178205   ± 9.91e-05  Grad norm = 4.4e-05  Accept rate = [0.24 ]SRSolver Iter = 34  NGrad norm = 3.1e-03  TPS UpdateT = 9.87  s TotT = 13.49   s
Iter 15  Alpha = 1.0e-01  E0 = -8.17185017   ± 1.09e-04  Grad norm = 3.7e-05  Accept rate = [0.26 ]SRSolver Iter = 36  NGrad norm = 4.2e-03  TPS UpdateT = 10.54 s TotT = 14.22   s
Iter 16  Alpha = 1.0e-01  E0 = -8.17180748   ± 1.02e-04  Grad norm = 3.2e-05  Accept rate = [0.26 ]SRSolver Iter = 36  NGrad norm = 2.5e-03  TPS UpdateT = 10.39 s TotT = 14.01   s
Iter 17  Alpha = 1.0e-01  E0 = -8.17189626   ± 8.79e-05  Grad norm = 2.3e-05  Accept rate = [0.25 ]SRSolver Iter = 40  NGrad norm = 2.4e-03  TPS UpdateT = 11.93 s TotT = 15.70   s
Iter 18  Alpha = 1.0e-01  E0 = -8.17178096   ± 1.14e-04  Grad norm = 2.3e-05  Accept rate = [0.25 ]SRSolver Iter = 38  NGrad norm = 2.0e-03  TPS UpdateT = 11.04 s TotT = 14.71   s
Iter 19  Alpha = 1.0e-01  E0 = -8.17181808   ± 6.52e-05  Grad norm = 1.2e-05  Accept rate = [0.26 ]SRSolver Iter = 35  NGrad norm = 1.5e-03  TPS UpdateT = 10.12 s TotT = 13.86   s
Iter 20  Alpha = 1.0e-01  E0 = -8.17182401   ± 6.30e-05  Grad norm = 8.9e-06  Accept rate = [0.24 ]SRSolver Iter = 43  NGrad norm = 2.7e-03  TPS UpdateT = 12.58 s TotT = 16.24   s
Iter 21  Alpha = 1.0e-01  E0 = -8.17199808   ± 6.96e-05  Grad norm = 8.7e-06  Accept rate = [0.25 ]SRSolver Iter = 41  NGrad norm = 2.2e-03  TPS UpdateT = 11.97 s TotT = 15.64   s
Iter 22  Alpha = 1.0e-01  E0 = -8.17208152   ± 9.50e-05  Grad norm = 8.9e-06  Accept rate = [0.25 ]SRSolver Iter = 43  NGrad norm = 2.8e-03  TPS UpdateT = 12.45 s TotT = 16.11   s
Iter 23  Alpha = 1.0e-01  E0 = -8.17190313   ± 6.75e-05  Grad norm = 6.8e-06  Accept rate = [0.25 ]SRSolver Iter = 41  NGrad norm = 1.6e-03  TPS UpdateT = 12.11 s TotT = 15.86   s
Iter 24  Alpha = 1.0e-01  E0 = -8.17192438   ± 6.20e-05  Grad norm = 6.4e-06  Accept rate = [0.25 ]SRSolver Iter = 40  NGrad norm = 1.5e-03  TPS UpdateT = 11.83 s TotT = 15.44   s
Iter 25  Alpha = 1.0e-01  E0 = -8.17201071   ± 1.09e-04  Grad norm = 6.0e-06  Accept rate = [0.25 ]SRSolver Iter = 44  NGrad norm = 3.8e-03  TPS UpdateT = 12.71 s TotT = 16.36   s
Iter 26  Alpha = 1.0e-01  E0 = -8.17202623   ± 1.19e-04  Grad norm = 1.8e-05  Accept rate = [0.25 ]SRSolver Iter = 46  NGrad norm = 4.1e-03  TPS UpdateT = 13.34 s TotT = 17.00   s
Iter 27  Alpha = 1.0e-01  E0 = -8.17187636   ± 7.09e-05  Grad norm = 4.4e-06  Accept rate = [0.25 ]SRSolver Iter = 47  NGrad norm = 2.1e-03  TPS UpdateT = 13.60 s TotT = 17.23   s
Iter 28  Alpha = 1.0e-01  E0 = -8.17192700   ± 7.08e-05  Grad norm = 4.4e-06  Accept rate = [0.25 ]SRSolver Iter = 47  NGrad norm = 2.2e-03  TPS UpdateT = 13.76 s TotT = 17.43   s
Iter 29  Alpha = 1.0e-01  E0 = -8.17193152   ± 6.39e-05  Grad norm = 4.6e-06  Accept rate = [0.25 ]SRSolver Iter = 46  NGrad norm = 1.7e-03  TPS UpdateT = 13.25 s TotT = 16.91   s
Iter 30  Alpha = 1.0e-01  E0 = -8.17180285   ± 4.56e-05  Grad norm = 3.2e-06  Accept rate = [0.25 ]SRSolver Iter = 43  NGrad norm = 1.2e-03  TPS UpdateT = 12.15 s TotT = 16.43   s
Iter 31  Alpha = 1.0e-01  E0 = -8.17183476   ± 6.43e-05  Grad norm = 3.1e-06  Accept rate = [0.25 ]SRSolver Iter = 45  NGrad norm = 2.1e-03  TPS UpdateT = 12.60 s TotT = 16.59   s
Iter 32  Alpha = 1.0e-01  E0 = -8.17187610   ± 7.60e-05  Grad norm = 3.8e-06  Accept rate = [0.25 ]SRSolver Iter = 46  NGrad norm = 1.9e-03  TPS UpdateT = 13.10 s TotT = 17.49   s
Iter 33  Alpha = 1.0e-01  E0 = -8.17179531   ± 7.83e-05  Grad norm = 6.4e-06  Accept rate = [0.24 ]SRSolver Iter = 44  NGrad norm = 1.6e-03  TPS UpdateT = 12.94 s TotT = 16.61   s
Iter 34  Alpha = 1.0e-01  E0 = -8.17193000   ± 1.69e-04  Grad norm = 6.7e-05  Accept rate = [0.25 ]SRSolver Iter = 30  NGrad norm = 4.1e-03  TPS UpdateT = 8.61  s TotT = 12.44   s
Iter 35  Alpha = 1.0e-01  E0 = -8.17205661   ± 7.19e-05  Grad norm = 5.1e-06  Accept rate = [0.25 ]SRSolver Iter = 46  NGrad norm = 1.9e-03  TPS UpdateT = 13.44 s TotT = 17.09   s
Iter 36  Alpha = 1.0e-01  E0 = -8.17186526   ± 5.43e-05  Grad norm = 3.0e-06  Accept rate = [0.24 ]SRSolver Iter = 43  NGrad norm = 1.7e-03  TPS UpdateT = 12.46 s TotT = 16.32   s
Iter 37  Alpha = 1.0e-01  E0 = -8.17206182   ± 9.17e-05  Grad norm = 5.0e-06  Accept rate = [0.24 ]SRSolver Iter = 42  NGrad norm = 3.6e-03  TPS UpdateT = 12.13 s TotT = 15.80   s
Iter 38  Alpha = 1.0e-01  E0 = -8.17187900   ± 6.28e-05  Grad norm = 2.8e-06  Accept rate = [0.26 ]SRSolver Iter = 44  NGrad norm = 1.4e-03  TPS UpdateT = 12.58 s TotT = 16.30   s
Iter 39  Alpha = 1.0e-01  E0 = -8.17188929   ± 5.28e-05  Grad norm = 3.0e-06  Accept rate = [0.26 ]SRSolver Iter = 45  NGrad norm = 1.1e-03  TPS UpdateT = 13.20 s TotT = 16.82   s
Iter 40  Alpha = 1.0e-01  E0 = -8.17214775   ± 1.80e-04  Grad norm = 3.8e-05  Accept rate = [0.26 ]SRSolver Iter = 34  NGrad norm = 4.4e-03  TPS UpdateT = 9.77  s TotT = 13.54   s
Iter 41  Alpha = 1.0e-01  E0 = -8.17181081   ± 6.92e-05  Grad norm = 4.5e-06  Accept rate = [0.25 ]SRSolver Iter = 50  NGrad norm = 1.7e-03  TPS UpdateT = 14.66 s TotT = 18.24   s
Iter 42  Alpha = 1.0e-01  E0 = -8.17214832   ± 1.12e-04  Grad norm = 1.7e-05  Accept rate = [0.25 ]SRSolver Iter = 38  NGrad norm = 1.7e-03  TPS UpdateT = 10.90 s TotT = 14.56   s
Iter 43  Alpha = 1.0e-01  E0 = -8.17205185   ± 8.43e-05  Grad norm = 6.4e-06  Accept rate = [0.25 ]SRSolver Iter = 44  NGrad norm = 3.0e-03  TPS UpdateT = 12.94 s TotT = 16.59   s
Iter 44  Alpha = 1.0e-01  E0 = -8.17196895   ± 6.75e-05  Grad norm = 4.0e-06  Accept rate = [0.25 ]SRSolver Iter = 48  NGrad norm = 1.6e-03  TPS UpdateT = 13.74 s TotT = 17.37   s
Iter 45  Alpha = 1.0e-01  E0 = -8.17182019   ± 5.44e-05  Grad norm = 2.6e-06  Accept rate = [0.26 ]SRSolver Iter = 41  NGrad norm = 1.2e-03  TPS UpdateT = 11.96 s TotT = 15.61   s
Iter 46  Alpha = 1.0e-01  E0 = -8.17203781   ± 7.21e-05  Grad norm = 3.0e-06  Accept rate = [0.24 ]SRSolver Iter = 47  NGrad norm = 1.9e-03  TPS UpdateT = 13.48 s TotT = 17.09   s
Iter 47  Alpha = 1.0e-01  E0 = -8.17204480   ± 7.70e-05  Grad norm = 3.1e-06  Accept rate = [0.25 ]SRSolver Iter = 44  NGrad norm = 2.1e-03  TPS UpdateT = 12.95 s TotT = 16.57   s
Iter 48  Alpha = 1.0e-01  E0 = -8.17203513   ± 8.50e-05  Grad norm = 4.3e-05  Accept rate = [0.25 ]SRSolver Iter = 34  NGrad norm = 1.1e-03  TPS UpdateT = 9.79  s TotT = 13.56   s
Iter 49  Alpha = 1.0e-01  E0 = -8.17191574   ± 8.76e-05  Grad norm = 5.9e-06  Accept rate = [0.25 ]SRSolver Iter = 36  NGrad norm = 2.0e-03  TPS UpdateT = 10.11 s TotT = 14.32   s
Iter 50  Alpha = 1.0e-01  E0 = -8.17191868   ± 6.07e-05  Grad norm = 2.6e-06  Accept rate = [0.25 ]SRSolver Iter = 44  NGrad norm = 1.7e-03  TPS UpdateT = 12.33 s TotT = 16.47   s
Iter 51  Alpha = 1.0e-01  E0 = -8.17192182   ± 5.80e-05  Grad norm = 3.4e-06  Accept rate = [0.26 ]SRSolver Iter = 43  NGrad norm = 1.9e-03  TPS UpdateT = 12.35 s TotT = 16.43   s
Iter 52  Alpha = 1.0e-01  E0 = -8.17200282   ± 1.06e-04  Grad norm = 7.1e-05  Accept rate = [0.25 ]SRSolver Iter = 31  NGrad norm = 2.6e-03  TPS UpdateT = 9.05  s TotT = 12.73   s
Iter 53  Alpha = 1.0e-01  E0 = -8.17195670   ± 5.55e-05  Grad norm = 2.7e-06  Accept rate = [0.25 ]SRSolver Iter = 45  NGrad norm = 1.5e-03  TPS UpdateT = 13.16 s TotT = 16.82   s
Iter 54  Alpha = 1.0e-01  E0 = -8.17182782   ± 6.27e-05  Grad norm = 2.7e-06  Accept rate = [0.26 ]SRSolver Iter = 42  NGrad norm = 1.4e-03  TPS UpdateT = 12.10 s TotT = 15.77   s
Iter 55  Alpha = 1.0e-01  E0 = -8.17199050   ± 8.45e-05  Grad norm = 1.4e-05  Accept rate = [0.25 ]SRSolver Iter = 38  NGrad norm = 1.6e-03  TPS UpdateT = 10.81 s TotT = 14.46   s
Iter 56  Alpha = 1.0e-01  E0 = -8.17228374   ± 1.93e-04  Grad norm = 2.1e-04  Accept rate = [0.25 ]SRSolver Iter = 27  NGrad norm = 3.1e-03  TPS UpdateT = 7.97  s TotT = 11.62   s
Iter 57  Alpha = 1.0e-01  E0 = -8.17190944   ± 5.25e-05  Grad norm = 5.2e-06  Accept rate = [0.25 ]SRSolver Iter = 44  NGrad norm = 1.4e-03  TPS UpdateT = 12.96 s TotT = 16.58   s
Iter 58  Alpha = 1.0e-01  E0 = -8.17198803   ± 5.89e-05  Grad norm = 3.6e-06  Accept rate = [0.25 ]SRSolver Iter = 43  NGrad norm = 1.1e-03  TPS UpdateT = 12.43 s TotT = 16.07   s
Iter 59  Alpha = 1.0e-01  E0 = -8.17198985   ± 9.93e-05  Grad norm = 1.2e-05  Accept rate = [0.25 ]SRSolver Iter = 39  NGrad norm = 2.2e-03  TPS UpdateT = 11.34 s TotT = 15.01   s
Iter 60  Alpha = 1.0e-01  E0 = -8.17195485   ± 7.86e-05  Grad norm = 4.9e-06  Accept rate = [0.25 ]SRSolver Iter = 46  NGrad norm = 1.7e-03  TPS UpdateT = 13.23 s TotT = 16.90   s
Iter 61  Alpha = 1.0e-01  E0 = -8.17195904   ± 5.74e-05  Grad norm = 3.4e-06  Accept rate = [0.25 ]SRSolver Iter = 47  NGrad norm = 1.5e-03  TPS UpdateT = 13.46 s TotT = 17.10   s
Iter 62  Alpha = 1.0e-01  E0 = -8.17202800   ± 8.89e-05  Grad norm = 3.6e-06  Accept rate = [0.25 ]SRSolver Iter = 49  NGrad norm = 1.8e-03  TPS UpdateT = 14.03 s TotT = 17.67   s
Iter 63  Alpha = 1.0e-01  E0 = -8.17228800   ± 2.58e-04  Grad norm = 3.6e-04  Accept rate = [0.26 ]SRSolver Iter = 26  NGrad norm = 3.8e-03  TPS UpdateT = 7.58  s TotT = 11.26   s
Iter 64  Alpha = 1.0e-01  E0 = -8.17208353   ± 6.96e-05  Grad norm = 1.3e-05  Accept rate = [0.25 ]SRSolver Iter = 45  NGrad norm = 4.4e-03  TPS UpdateT = 12.80 s TotT = 16.42   s
Iter 65  Alpha = 1.0e-01  E0 = -8.17197047   ± 5.58e-05  Grad norm = 2.9e-06  Accept rate = [0.25 ]SRSolver Iter = 49  NGrad norm = 1.2e-03  TPS UpdateT = 14.09 s TotT = 17.89   s
Iter 66  Alpha = 1.0e-01  E0 = -8.17194596   ± 8.32e-05  Grad norm = 6.4e-06  Accept rate = [0.26 ]SRSolver Iter = 38  NGrad norm = 1.6e-03  TPS UpdateT = 10.86 s TotT = 14.53   s
Iter 67  Alpha = 1.0e-01  E0 = -8.17214834   ± 8.19e-05  Grad norm = 4.4e-06  Accept rate = [0.26 ]SRSolver Iter = 48  NGrad norm = 3.7e-03  TPS UpdateT = 13.79 s TotT = 17.43   s
Iter 68  Alpha = 1.0e-01  E0 = -8.17206513   ± 6.35e-05  Grad norm = 3.3e-06  Accept rate = [0.26 ]SRSolver Iter = 48  NGrad norm = 1.8e-03  TPS UpdateT = 13.51 s TotT = 17.81   s
Iter 69  Alpha = 1.0e-01  E0 = -8.17199266   ± 5.12e-05  Grad norm = 2.5e-06  Accept rate = [0.25 ]SRSolver Iter = 48  NGrad norm = 1.6e-03  TPS UpdateT = 13.41 s TotT = 17.28   s
Iter 70  Alpha = 1.0e-01  E0 = -8.17204017   ± 7.07e-05  Grad norm = 5.2e-06  Accept rate = [0.25 ]SRSolver Iter = 46  NGrad norm = 2.0e-03  TPS UpdateT = 13.22 s TotT = 17.26   s
Iter 71  Alpha = 1.0e-01  E0 = -8.17194206   ± 5.53e-05  Grad norm = 2.7e-06  Accept rate = [0.25 ]SRSolver Iter = 47  NGrad norm = 1.2e-03  TPS UpdateT = 13.43 s TotT = 17.09   s
Iter 72  Alpha = 1.0e-01  E0 = -8.17208227   ± 8.62e-05  Grad norm = 3.9e-06  Accept rate = [0.25 ]SRSolver Iter = 46  NGrad norm = 2.4e-03  TPS UpdateT = 13.20 s TotT = 16.81   s
Iter 73  Alpha = 1.0e-01  E0 = -8.17196277   ± 8.61e-05  Grad norm = 2.6e-05  Accept rate = [0.25 ]SRSolver Iter = 38  NGrad norm = 2.1e-03  TPS UpdateT = 10.68 s TotT = 14.29   s
Iter 74  Alpha = 1.0e-01  E0 = -8.17208150   ± 6.47e-05  Grad norm = 3.5e-06  Accept rate = [0.25 ]SRSolver Iter = 44  NGrad norm = 1.4e-03  TPS UpdateT = 12.79 s TotT = 16.47   s
Iter 75  Alpha = 1.0e-01  E0 = -8.17206007   ± 4.95e-05  Grad norm = 2.7e-06  Accept rate = [0.25 ]SRSolver Iter = 44  NGrad norm = 1.1e-03  TPS UpdateT = 12.68 s TotT = 16.35   s
Iter 76  Alpha = 1.0e-01  E0 = -8.17193029   ± 5.03e-05  Grad norm = 2.6e-06  Accept rate = [0.25 ]SRSolver Iter = 45  NGrad norm = 9.1e-04  TPS UpdateT = 12.98 s TotT = 16.65   s
Iter 77  Alpha = 1.0e-01  E0 = -8.17198469   ± 7.07e-05  Grad norm = 2.7e-06  Accept rate = [0.25 ]SRSolver Iter = 44  NGrad norm = 2.3e-03  TPS UpdateT = 12.73 s TotT = 16.38   s
Iter 78  Alpha = 1.0e-01  E0 = -8.17209743   ± 7.44e-05  Grad norm = 1.4e-05  Accept rate = [0.25 ]SRSolver Iter = 42  NGrad norm = 2.1e-03  TPS UpdateT = 12.01 s TotT = 15.67   s
Iter 79  Alpha = 1.0e-01  E0 = -8.17204360   ± 6.09e-05  Grad norm = 3.8e-06  Accept rate = [0.25 ]SRSolver Iter = 46  NGrad norm = 1.7e-03  TPS UpdateT = 13.49 s TotT = 17.10   s
Iter 80  Alpha = 1.0e-01  E0 = -8.17206708   ± 7.09e-05  Grad norm = 4.6e-06  Accept rate = [0.24 ]SRSolver Iter = 44  NGrad norm = 2.3e-03  TPS UpdateT = 12.72 s TotT = 16.48   s
Iter 81  Alpha = 1.0e-01  E0 = -8.17216224   ± 7.26e-05  Grad norm = 5.0e-06  Accept rate = [0.25 ]SRSolver Iter = 44  NGrad norm = 2.7e-03  TPS UpdateT = 12.69 s TotT = 16.33   s
Iter 82  Alpha = 1.0e-01  E0 = -8.17218583   ± 1.22e-04  Grad norm = 4.8e-05  Accept rate = [0.26 ]SRSolver Iter = 40  NGrad norm = 4.6e-03  TPS UpdateT = 11.69 s TotT = 15.34   s
Iter 83  Alpha = 1.0e-01  E0 = -8.17212603   ± 9.36e-05  Grad norm = 3.9e-06  Accept rate = [0.24 ]SRSolver Iter = 50  NGrad norm = 2.8e-03  TPS UpdateT = 14.51 s TotT = 18.11   s
Iter 84  Alpha = 1.0e-01  E0 = -8.17223629   ± 1.49e-04  Grad norm = 3.8e-05  Accept rate = [0.25 ]SRSolver Iter = 38  NGrad norm = 2.1e-03  TPS UpdateT = 10.93 s TotT = 14.57   s
Iter 85  Alpha = 1.0e-01  E0 = -8.17197965   ± 6.19e-05  Grad norm = 3.2e-06  Accept rate = [0.25 ]SRSolver Iter = 46  NGrad norm = 1.9e-03  TPS UpdateT = 13.49 s TotT = 17.09   s
Iter 86  Alpha = 1.0e-01  E0 = -8.17210581   ± 7.82e-05  Grad norm = 3.3e-06  Accept rate = [0.25 ]SRSolver Iter = 47  NGrad norm = 2.1e-03  TPS UpdateT = 13.23 s TotT = 16.93   s
Iter 87  Alpha = 1.0e-01  E0 = -8.17198202   ± 5.04e-05  Grad norm = 3.4e-06  Accept rate = [0.25 ]SRSolver Iter = 46  NGrad norm = 1.3e-03  TPS UpdateT = 12.93 s TotT = 17.55   s
Iter 88  Alpha = 1.0e-01  E0 = -8.17201280   ± 6.14e-05  Grad norm = 1.4e-05  Accept rate = [0.25 ]SRSolver Iter = 36  NGrad norm = 1.3e-03  TPS UpdateT = 9.84  s TotT = 13.95   s
Iter 89  Alpha = 1.0e-01  E0 = -8.17204665   ± 6.12e-05  Grad norm = 2.6e-06  Accept rate = [0.26 ]SRSolver Iter = 47  NGrad norm = 1.7e-03  TPS UpdateT = 13.43 s TotT = 17.10   s
Iter 90  Alpha = 1.0e-01  E0 = -8.17216424   ± 5.48e-05  Grad norm = 3.8e-06  Accept rate = [0.25 ]SRSolver Iter = 48  NGrad norm = 1.6e-03  TPS UpdateT = 13.79 s TotT = 17.41   s
Iter 91  Alpha = 1.0e-01  E0 = -8.17208085   ± 9.09e-05  Grad norm = 4.2e-06  Accept rate = [0.25 ]SRSolver Iter = 40  NGrad norm = 2.2e-03  TPS UpdateT = 11.76 s TotT = 15.39   s
Iter 92  Alpha = 1.0e-01  E0 = -8.17199092   ± 4.05e-05  Grad norm = 2.9e-06  Accept rate = [0.25 ]SRSolver Iter = 45  NGrad norm = 9.1e-04  TPS UpdateT = 12.90 s TotT = 16.53   s
Iter 93  Alpha = 1.0e-01  E0 = -8.17207188   ± 5.54e-05  Grad norm = 3.7e-06  Accept rate = [0.25 ]SRSolver Iter = 45  NGrad norm = 1.1e-03  TPS UpdateT = 13.15 s TotT = 16.77   s
Iter 94  Alpha = 1.0e-01  E0 = -8.17189695   ± 6.44e-05  Grad norm = 3.3e-06  Accept rate = [0.25 ]SRSolver Iter = 43  NGrad norm = 1.7e-03  TPS UpdateT = 12.42 s TotT = 16.08   s
Iter 95  Alpha = 1.0e-01  E0 = -8.17206182   ± 7.13e-05  Grad norm = 2.9e-06  Accept rate = [0.24 ]SRSolver Iter = 49  NGrad norm = 3.1e-03  TPS UpdateT = 14.08 s TotT = 17.76   s
Iter 96  Alpha = 1.0e-01  E0 = -8.17216019   ± 7.63e-05  Grad norm = 6.9e-06  Accept rate = [0.25 ]SRSolver Iter = 46  NGrad norm = 2.4e-03  TPS UpdateT = 13.35 s TotT = 16.97   s
Iter 97  Alpha = 1.0e-01  E0 = -8.17206408   ± 8.38e-05  Grad norm = 6.6e-06  Accept rate = [0.24 ]SRSolver Iter = 49  NGrad norm = 2.7e-03  TPS UpdateT = 14.11 s TotT = 17.73   s
Iter 98  Alpha = 1.0e-01  E0 = -8.17230566   ± 8.28e-05  Grad norm = 6.1e-06  Accept rate = [0.25 ]SRSolver Iter = 47  NGrad norm = 2.4e-03  TPS UpdateT = 13.72 s TotT = 17.40   s
Iter 99  Alpha = 1.0e-01  E0 = -8.17228255   ± 1.61e-04  Grad norm = 3.7e-05  Accept rate = [0.26 ]SRSolver Iter = 36  NGrad norm = 3.4e-03  TPS UpdateT = 10.39 s TotT = 14.11   s
